<?xml version="1.0" encoding="UTF-8"?>
<!-- Generated by org.testng.reporters.JUnitReportReporter -->
<testsuite hostname="DESKTOP-R9M8R8C" failures="0" tests="4" name="com.oc.qa.TestCases.AddressTest" time="23.129" errors="0" timestamp="2024-12-31T22:13:18 IST" skipped="0">
  <testcase classname="com.oc.qa.TestCases.AddressTest" name="Addressupdate" time="5.429"/>
  <testcase classname="com.oc.qa.TestCases.AddressTest" name="Addressupdate" time="5.288"/>
  <testcase classname="com.oc.qa.TestCases.AddressTest" name="Addressupdate" time="6.682"/>
  <testcase classname="com.oc.qa.TestCases.AddressTest" name="Addressupdate" time="5.730"/>
</testsuite> <!-- com.oc.qa.TestCases.AddressTest -->
