<?xml version="1.0" encoding="UTF-8"?>
<!-- Generated by org.testng.reporters.JUnitReportReporter -->
<testsuite hostname="DESKTOP-R9M8R8C" failures="0" tests="5" name="com.oc.qa.TestCases.LoginTestDDT" time="72.264" errors="0" timestamp="2024-12-30T23:29:23 IST" skipped="0">
  <testcase classname="com.oc.qa.TestCases.LoginTestDDT" name="verify_loginDDT" time="9.765"/>
  <testcase classname="com.oc.qa.TestCases.LoginTestDDT" name="verify_loginDDT" time="17.387"/>
  <testcase classname="com.oc.qa.TestCases.LoginTestDDT" name="verify_loginDDT" time="18.745"/>
  <testcase classname="com.oc.qa.TestCases.LoginTestDDT" name="verify_loginDDT" time="17.913"/>
  <testcase classname="com.oc.qa.TestCases.LoginTestDDT" name="verify_loginDDT" time="8.454"/>
</testsuite> <!-- com.oc.qa.TestCases.LoginTestDDT -->
