<?xml version="1.0" encoding="UTF-8"?>
<!-- Generated by org.testng.reporters.JUnitReportReporter -->
<testsuite hostname="DESKTOP-R9M8R8C" failures="0" tests="4" name="com.oc.qa.TestCases.AddressTest" time="54.653" errors="0" timestamp="2024-12-31T00:16:45 IST" skipped="0">
  <testcase classname="com.oc.qa.TestCases.AddressTest" name="Addressupdate" time="12.620"/>
  <testcase classname="com.oc.qa.TestCases.AddressTest" name="Addressupdate" time="12.491"/>
  <testcase classname="com.oc.qa.TestCases.AddressTest" name="Addressupdate" time="13.233"/>
  <testcase classname="com.oc.qa.TestCases.AddressTest" name="Addressupdate" time="16.309"/>
</testsuite> <!-- com.oc.qa.TestCases.AddressTest -->
