<?xml version="1.0" encoding="UTF-8"?>
<!-- Generated by org.testng.reporters.JUnitReportReporter -->
<testsuite hostname="DESKTOP-R9M8R8C" failures="0" tests="1" name="com.oc.qa.TestCases.RegistrationTest" time="5.262" errors="0" timestamp="2024-12-31T19:24:20 IST" skipped="0">
  <testcase classname="com.oc.qa.TestCases.RegistrationTest" name="Acc_RegistrationTest" time="5.262"/>
</testsuite> <!-- com.oc.qa.TestCases.RegistrationTest -->
